0 info it worked if it ends with ok
1 verbose cli [ 'C:\\Program Files (x86)\\nodejs\\\\node.exe',
1 verbose cli   'C:\\Program Files (x86)\\nodejs\\node_modules\\npm\\bin\\npm-cli.js',
1 verbose cli   'whoami' ]
2 info using npm@2.7.4
3 info using node@v0.12.2
4 verbose node symlink C:\Program Files (x86)\nodejs\\node.exe
5 verbose stack Error: 'npm whoami' requires you to be logged in.
5 verbose stack     at EventEmitter.whoami (C:\Program Files (x86)\nodejs\node_modules\npm\lib\whoami.js:42:18)
5 verbose stack     at Object.commandCache.(anonymous function) (C:\Program Files (x86)\nodejs\node_modules\npm\lib\npm.js:220:11)
5 verbose stack     at EventEmitter.<anonymous> (C:\Program Files (x86)\nodejs\node_modules\npm\bin\npm-cli.js:72:28)
5 verbose stack     at process._tickCallback (node.js:355:11)
6 verbose cwd D:\projects\github\lab01
7 error Windows_NT 6.1.7601
8 error argv "C:\\Program Files (x86)\\nodejs\\\\node.exe" "C:\\Program Files (x86)\\nodejs\\node_modules\\npm\\bin\\npm-cli.js" "whoami"
9 error node v0.12.2
10 error npm  v2.7.4
11 error code ENEEDAUTH
12 error need auth 'npm whoami' requires you to be logged in.
12 error need auth You need to authorize this machine using `npm adduser`
13 verbose exit [ 1, true ]
